2025-03-14 15:33:11,096 INFO o.a.j.u.JMeterUtils: Setting Locale to en_EN
2025-03-14 15:33:11,108 INFO o.a.j.JMeter: Loading user properties from: /opt/homebrew/Cellar/jmeter/5.6.3/libexec/bin/user.properties
2025-03-14 15:33:11,109 INFO o.a.j.JMeter: Loading system properties from: /opt/homebrew/Cellar/jmeter/5.6.3/libexec/bin/system.properties
2025-03-14 15:33:11,112 INFO o.a.j.JMeter: Copyright (c) 1998-2024 The Apache Software Foundation
2025-03-14 15:33:11,112 INFO o.a.j.JMeter: Version 5.6.3
2025-03-14 15:33:11,112 INFO o.a.j.JMeter: java.version=21.0.6
2025-03-14 15:33:11,112 INFO o.a.j.JMeter: java.vm.name=OpenJDK 64-Bit Server VM
2025-03-14 15:33:11,112 INFO o.a.j.JMeter: os.name=Mac OS X
2025-03-14 15:33:11,112 INFO o.a.j.JMeter: os.arch=aarch64
2025-03-14 15:33:11,112 INFO o.a.j.JMeter: os.version=15.1
2025-03-14 15:33:11,112 INFO o.a.j.JMeter: file.encoding=UTF-8
2025-03-14 15:33:11,112 INFO o.a.j.JMeter: java.awt.headless=null
2025-03-14 15:33:11,112 INFO o.a.j.JMeter: Max memory     =1073741824
2025-03-14 15:33:11,112 INFO o.a.j.JMeter: Available Processors =8
2025-03-14 15:33:11,118 INFO o.a.j.JMeter: Default Locale=English (EN)
2025-03-14 15:33:11,118 INFO o.a.j.JMeter: JMeter  Locale=English (EN)
2025-03-14 15:33:11,118 INFO o.a.j.JMeter: JMeterHome=/opt/homebrew/Cellar/jmeter/5.6.3/libexec
2025-03-14 15:33:11,118 INFO o.a.j.JMeter: user.dir  =/Users/thata/Desktop/exercise-profiling
2025-03-14 15:33:11,118 INFO o.a.j.JMeter: PWD       =/Users/thata/Desktop/exercise-profiling
2025-03-14 15:33:11,119 INFO o.a.j.JMeter: IP: 127.0.0.1 Name: MacBook-Air-3.local FullName: localhost
2025-03-14 15:33:11,125 INFO o.a.j.JMeter: Loaded icon properties from org/apache/jmeter/images/icon.properties
2025-03-14 15:33:11,504 INFO o.a.j.JMeterGuiLauncher: Setting LAF to: com.github.weisj.darklaf.DarkLaf:com.github.weisj.darklaf.theme.DarculaTheme
2025-03-14 15:33:12,482 INFO o.a.j.r.ClassFinder: Will scan jar /opt/homebrew/Cellar/jmeter/5.6.3/libexec/lib/ext/jmeter-plugins-manager-1.9.jar with filter ExtendsClassFilter [parents=[interface org.apache.jmeter.gui.action.Command], inner=false, contains=null, notContains=null]. Consider exposing JMeter plugins via META-INF/services, and add JMeter-Skip-Class-Scanning=true manifest attribute so JMeter can skip classfile scanning
2025-03-14 15:33:12,545 INFO o.a.j.r.ClassFinder: Will scan jar /opt/homebrew/Cellar/jmeter/5.6.3/libexec/lib/ext/jmeter-plugins-manager-1.9.jar with filter ExtendsClassFilter [parents=[interface org.apache.jmeter.gui.plugin.MenuCreator], inner=false, contains=null, notContains=null]. Consider exposing JMeter plugins via META-INF/services, and add JMeter-Skip-Class-Scanning=true manifest attribute so JMeter can skip classfile scanning
2025-03-14 15:33:12,601 INFO o.j.r.JARSourceHTTP: Requesting https://jmeter-plugins.org/repo/?installID=mac_os_x-bc04e960f26687c1addaa2f578efa22c-gui
2025-03-14 15:33:15,041 INFO o.j.r.PluginManager: Plugins Status: [jpgc-plugins-manager=1.9, jmeter-core=5.6.3, jmeter-ftp=5.6.3, jmeter-http=5.6.3, jmeter-jdbc=5.6.3, jmeter-jms=5.6.3, jmeter-junit=5.6.3, jmeter-java=5.6.3, jmeter-ldap=5.6.3, jmeter-mail=5.6.3, jmeter-mongodb=5.6.3, jmeter-native=5.6.3, jmeter-tcp=5.6.3, jmeter-components=5.6.3]
2025-03-14 15:33:15,042 INFO o.j.r.PluginManagerMenuItem: Plugins Manager has upgrades: [jpgc-plugins-manager]
2025-03-14 15:33:16,046 WARN o.j.r.h.StatsReporter: Failed to send repo stats
org.apache.http.conn.ConnectTimeoutException: Connect to jmeter-plugins.org:443 timed out
	at org.apache.http.conn.ssl.SSLSocketFactory.connectSocket(SSLSocketFactory.java:545) ~[httpclient-4.5.14.jar:4.5.14]
	at org.apache.http.conn.ssl.SSLSocketFactory.connectSocket(SSLSocketFactory.java:415) ~[httpclient-4.5.14.jar:4.5.14]
	at org.apache.http.impl.conn.DefaultClientConnectionOperator.openConnection(DefaultClientConnectionOperator.java:180) ~[httpclient-4.5.14.jar:4.5.14]
	at org.apache.http.impl.conn.ManagedClientConnectionImpl.open(ManagedClientConnectionImpl.java:326) ~[httpclient-4.5.14.jar:4.5.14]
	at org.apache.http.impl.client.DefaultRequestDirector.tryConnect(DefaultRequestDirector.java:605) ~[httpclient-4.5.14.jar:4.5.14]
	at org.apache.http.impl.client.DefaultRequestDirector.execute(DefaultRequestDirector.java:440) ~[httpclient-4.5.14.jar:4.5.14]
	at org.apache.http.impl.client.AbstractHttpClient.doExecute(AbstractHttpClient.java:835) ~[httpclient-4.5.14.jar:4.5.14]
	at org.apache.http.impl.client.CloseableHttpClient.execute(CloseableHttpClient.java:83) ~[httpclient-4.5.14.jar:4.5.14]
	at org.apache.http.impl.client.CloseableHttpClient.execute(CloseableHttpClient.java:56) ~[httpclient-4.5.14.jar:4.5.14]
	at org.jmeterplugins.repository.JARSourceHTTP.execute(JARSourceHTTP.java:499) ~[jmeter-plugins-manager-1.9.jar:?]
	at org.jmeterplugins.repository.JARSourceHTTP.execute(JARSourceHTTP.java:494) ~[jmeter-plugins-manager-1.9.jar:?]
	at org.jmeterplugins.repository.JARSourceHTTP.reportStats(JARSourceHTTP.java:451) ~[jmeter-plugins-manager-1.9.jar:?]
	at org.jmeterplugins.repository.http.StatsReporter.run(StatsReporter.java:24) [jmeter-plugins-manager-1.9.jar:?]
